ConnectionException Object
(
    [message:protected] => Connection to 'ws://www.openpaedia.com/' failed: Server sent invalid upgrade response:

    [string:Exception:private] => 
    [code:protected] => 0
    [file:protected] => D:\scripts\websocketClient.inc
    [line:protected] => 128
    [trace:Exception:private] => Array
        (
            [0] => Array
                (
                    [file] => D:\scripts\websocketBase.inc
                    [line] => 41
                    [function] => connect
                    [class] => Client
                    [type] => ->
                    [args] => Array
                        (
                        )

                )

            [1] => Array
                (
                    [file] => D:\scripts\classBattleStatsClient.inc
                    [line] => 94
                    [function] => send
                    [class] => Base
                    [type] => ->
                    [args] => Array
                        (
                            [0] => {"method":"whoami","broadcast":1,"displayName":"Starving Poet","passKey":"containslowcommandrealityresearch"}
                            [1] => hybil10
                        )

                )

            [2] => Array
                (
                    [file] => D:\scripts\classBattleStatsClient.inc
                    [line] => 55
                    [function] => send
                    [class] => battleStatsClient
                    [type] => ->
                    [args] => Array
                        (
                            [0] => Array
                                (
                                    [method] => whoami
                                    [broadcast] => 1
                                    [displayName] => Starving Poet
                                    [passKey] => containslowcommandrealityresearch
                                )

                        )

                )

            [3] => Array
                (
                    [file] => D:\scripts\battlestats.php
                    [line] => 32
                    [function] => __construct
                    [class] => battleStatsClient
                    [type] => ->
                    [args] => Array
                        (
                            [0] => E:/Games/OpenXcom - Extended/
                            [1] => user/.XCF/
                            [2] => xcom1/
                            [3] => Array
                                (
                                    [broadcast] => 1
                                    [displayName] => Starving Poet
                                    [passKey] => containslowcommandrealityresearch
                                )

                        )

                )

        )

    [previous:Exception:private] => 
)
