Tracking 2 data feeds.
<p>Type "help" for a list of commands</p>
{"method":"whoareyou","userid":"u5b1849aaf0532","watchID":0}
cls
cls
Battlescape Statistics

Turn: 2

Deaths
  Operatives: 2
  Opposition:  (3)
cls
cls
Battlescape Statistics

Turn: 3

Deaths
  Operatives: 2
  Opposition: 1 (3)
cls
cls
Battlescape Statistics

Turn: 4

Deaths
  Operatives: 2
  Opposition: 1 (3)
cls
cls
Battlescape Statistics

Turn: 5

Deaths
  Operatives: 2
  Opposition: 1 (2)
cls
cls
Battlescape Statistics

Turn: 6

Deaths
  Operatives: 2
  Opposition: 1 (3)
cls
cls
Battlescape Statistics

Turn: 7

Deaths
  Operatives: 2
  Opposition: 1 (4)
cls
cls
Battlescape Statistics

Turn: 8

Deaths
  Operatives: 4
  Opposition: 1 (3)
cls
cls
Battlescape Statistics

Turn: 9

Deaths
  Operatives: 4
  Opposition: 1 (3)
cls
cls
Battlescape Statistics

Turn: 10

Deaths
  Operatives: 5 (1)
  Opposition: 1 (1)
cls
cls
cls
Battlescape Statistics

Turn: 1

cls
cls
Battlescape Statistics

Turn: 2

Deaths
  Opposition: 1 (2)
cls
cls
Battlescape Statistics

Turn: 3

Deaths
  Opposition: 4 (1)
cls
cls
Battlescape Statistics

Turn: 4

Deaths
  Opposition: 4 (2)
cls
cls
Battlescape Statistics

Turn: 5

Deaths
  Operatives: 3
  Opposition: 9 (1)
cls
cls
Battlescape Statistics

Turn: 6

Deaths
  Operatives: 3
  Opposition: 11 (1)
cls
cls
Battlescape Statistics

Turn: 7

Deaths
  Operatives: 3
  Opposition: 11 (1)
cls
cls
Battlescape Statistics

Turn: 8

Deaths
  Operatives: 3
  Opposition: 11 (1)
cls
cls
Battlescape Statistics

Turn: 9

Deaths
  Operatives: 3
  Opposition: 12 (1)
